&lt;EventRecordID&gt;12938&lt;\/EventRecordID&gt; \u000d  &lt;Correlation \/&gt; \u000d  &lt;Execution ProcessID=&quot;820&quot; ThreadID=&quot;1128&quot; \/&gt; \u000d  &lt;Channel&gt;System&lt;\/Channel&gt; \u000d  &lt;Computer&gt;DEFINEXL&lt;\/Computer&gt; \u000d  &lt;Security \/&gt; \u000d  &lt;\/System&gt;\u000d- &lt;EventData&gt;\u000d  &lt;Data Name=&quot;param1&quot;&gt;CldFlt&lt;\/Data&gt; \u000d  &lt;Data Name=&quot;param2&quot;&gt;%%50&lt;\/Data&gt; \u000d  &lt;Binary&gt;43006C00640046006C0074000000&lt;\/Binary&gt; \u000d  &lt;\/EventData&gt;\u000d  &lt;\/Event&gt;","HasStickyPost":false,"SubCommentCount":0,"SafeCId":null,"AppFlightId":null,"TrackingItemResolvedReason":null,"CumulativeInstanceCount":0,"ParentId":0,"UifType":0,"TenantId":"","ActivityTimestamp":"\/Date(1502517086000+0000)\/","ActivityType":0,"FeedbackTalkBackFixedInVersion":"","FeedbackTalkBackVersionType":0,"CollectionHasMyUpvoteOrPrimary":false,"TentId":0},{"BuildString":null,"ContextId":"336","ContextVersion":null,"CountInstances":1,"EnvironmentName":null,"FeedbackId":"7959ceee-e723-4823-9c62-659435ba9ac7","FeedbackInstanceId":"00000000-0000-0000-0000-000000000000","FeedbackLanguage":null,"Flags":2,"IsAbuseReport":false,"Text":"svchost (2860) SRUJet: Error -1811 (0xfffff8ed) occurred while opening logfile C:\\Windows\\system32\\SRU\\SRU000DD.log.","TimeFirstReported":"\/Date(1502517067000+0000)\/","TotalUpvotes":1,"UserId":"00030000865E19DF","ScreenshotCount":0,"DeviceId":null,"Metadata":null,"PreferredLanguage":null,"UILanguage":null,"IsMobile":false,"IsMeToo":false,"FeedbackTalkBackBuildStatus":0,"FeedbackTalkBackStatus":0,"FeedbackTalkBackStatusLink":"","DeviceFormFactor":1,"FeedbackTalkBackBuildNumber":0,"ExecutableName":null,"FeedbackType":0,"IsOfflineSubmission":false,"PrimaryFeedbackTitle":null,"IsExternal":false,"MaxBuild":15063,"MinBuild":15063,"TimeLastUpdated":"\/Date(1502517067000+0000)\/","RingName":null,"IsNonInsider":false,"UploadFileCount":0,"HasBeenUpvotedByUser":false,"IsArchived":false,"CabEscalationStatus":0,"IsVsoCandidate":false,"AppId":null,"AppName":"","AppVersion":null,"BuildBranch":null,"BuildRevision":null,"DefaultScenarioCount":0,"DefaultScenarioFilterId":null,"DiagnosticsScenarioCount":0,"DiagnosticsScenarioFilterIds":null,"ReproScenarioCount":0,"ReproScenarioFilterId":null,"CorrelationVector":null,"TrackingItemId":null,"TrackingItemLink":null,"TrackingItemStatus":null,"TrackingItemType":0,"TrackingItemTypeName":null,"Description":"- &lt;Event xmlns=&quot;http:\/\/schemas.microsoft.com\/win\/2004\/08\/events\/event&quot;&gt;\u000d- &lt;System&gt;\u000d  &lt;Provider Name=&quot;ESENT&quot; \/&gt; \u000d  &lt;EventID Qualifiers=&quot;0&quot;&gt;455&lt;\/EventID&gt; \u000d  &lt;Level&gt;2&lt;\/Level&gt; \u000d  &lt;Task&gt;3&lt;\/Task&gt; \u000d  &lt;Keywords&gt;0x80000000000000&lt;\/Keywords&gt; \u000d  &lt;TimeCreated SystemTime=&quot;2017-08-12T05:13:45.026990600Z&quot; \/&gt; \u000d  &lt;EventRecordID&gt;197836&lt;\/EventRecordID&gt; \u000d  &lt;Channel&gt;Application&lt;\/Channel&gt; \u000d  &lt;Computer&gt;DEFINEXL&lt;\/Computer&gt; \u000d  &lt;Security \/&gt; \u000d  &lt;\/System&gt;\u000d- &lt;EventData&gt;\u000d  &lt;Data&gt;svchost&lt;\/Data&gt; \u000d  &lt;Data&gt;2860&lt;\/Data&gt; \u000d  &lt;Data&gt;SRUJet:&lt;\/Data&gt; \u000d  &lt;Data&gt;C:\\Windows\\system32\\SRU\\SRU000DD.log&lt;\/Data&gt; \u000d  &lt;Data&gt;-1811 (0xfffff8ed)&lt;\/Data&gt; \u000d  &lt;\/EventData&gt;\u000d  &lt;\/Event&gt;","HasStickyPost":false,"SubCommentCount":0,"SafeCId":null,"AppFlightId":null,"TrackingItemResolvedReason":null,"CumulativeInstanceCount":0,"ParentId":0,"UifType":0,"TenantId":"","ActivityTimestamp":"\/Date(1502517067000+0000)\/","ActivityType":0,"FeedbackTalkBackFixedInVersion":"","FeedbackTalkBackVersionType":0,"CollectionHasMyUpvoteOrPrimary":false,"TentId":0},{"BuildString":null,"ContextId":"336","ContextVersion":null,"CountInstances":1,"EnvironmentName":null,"FeedbackId":"dc96c1a1-6374-46b9-a430-0d2866c7a456","FeedbackInstanceId":"00000000-0000-0000-0000-000000000000","FeedbackLanguage":null,"Flags":2,"IsAbuseReport":false,"Text":"The IP address lease 10.110.122.16 for the Network Card with network address 0x00FFBCD494D7 has been denied by the DHCP server ","TimeFirstReported":"\/Date(1502517043000+0000)\/","TotalUpvotes":1,"UserId":"00030000865E19DF","ScreenshotCount":0,"DeviceId":null,"Metadata":null,"PreferredLanguage":null,"UILanguage":null,"IsMobile":false,"IsMeToo":false,"FeedbackTalkBackBuildStatus":0,"FeedbackTalkBackStatus":0,"FeedbackTalkBackStatusLink":"","DeviceFormFactor":1,"FeedbackTalkBackBuildNumber":0,"ExecutableName":null,"FeedbackType":0,"IsOfflineSubmission":false,"PrimaryFeedbackTitle":null,"IsExternal":false,"MaxBuild":15063,"MinBuild":15063,"TimeLastUpdated":"\/Date(1502517043000+0000)\/","RingName":null,"IsNonInsider":false,"UploadFileCount":0,"HasBeenUpvotedByUser":false,"IsArchived":false,"CabEscalationStatus":0,"IsVsoCandidate":false,"AppId":null,"AppName":"","AppVersion":null,"BuildBranch":null,"BuildRevision":null,"DefaultScenarioCount":0,"DefaultScenarioFilterId":null,"DiagnosticsScenarioCount":0,"DiagnosticsScenarioFilterIds":null,"ReproScenarioCount":0,"ReproScenarioFilterId":null,"CorrelationVector":null,"TrackingItemId":null,"TrackingItemLink":null,"TrackingItemStatus":null,"TrackingItemType":0,"TrackingItemTypeName":null,"Description":"- &lt;Event xmlns=&quot;http:\/\/schemas.microsoft.com\/win\/2004\/08\/events\/event&quot;&gt;\u000d- &lt;System&gt;\u000d  &lt;Provider Name=&quot;Microsoft-Windows-Dhcp-Client&quot; Guid=&quot;{15A7A4F8-0072-4EAB-ABAD-F98A4D666AED}&quot; \/&gt; \u000d  &lt;EventID&gt;1002&lt;\/EventID&gt; \u000d  &lt;Version&gt;0&lt;\/Version&gt; \u000d  &lt;Level&gt;2&lt;\/Level&gt; \u000d  &lt;Task&gt;3&lt;\/Task&gt; \u000d  &lt;Opcode&gt;76&lt;\/Opcode&gt; \u000d  &lt;Keywords&gt;0x4000000000000001&lt;\/Keywords&gt; \u000d  &lt;TimeCreated SystemTime=&quot;2017-08-12T05:14:16.743192200Z&quot; \/&gt; \u000d  &lt;EventRecordID&gt;64&lt;\/EventRecordID&gt; \u000d  &lt;Correlation \/&gt; \u000d  &lt;Execution ProcessID=&quot;2180&quot; ThreadID=&quot;9548&quot; \/&gt; \u000d  &lt;Channel&gt;Microsoft-Windows-Dhcp-Client\/Admin&lt;\/Channel&gt; \u000d  &lt;Computer&gt;DEFINEXL&lt;\/Computer&gt; \u000d  &lt;Security UserID=&quot;S-1-5-19&quot; \/&gt; \u000d  &lt;\/System&gt;\u000d- &lt;EventData&gt;\u000d  &lt;Data Name=&quot;Address1&quot;&gt;276459018&lt;\/Data&gt; \u000d  &lt;Data Name=&quot;HWLength&quot;&gt;6&lt;\/Data&gt; \u000d  &lt;Data Name=&quot;HWAddress&quot;&gt;00FFBCD494D7&lt;\/Data&gt; \u000d  &lt;Data Name=&quot;Address2&quot;&gt;4269501962&lt;\/Data&gt; \u000d  &lt;\/EventData&gt;\u000d  &lt;\/Event&gt;","HasStickyPost":false,"SubCommentCount":0,"SafeCId":null,"AppFlightId":null,"TrackingItemResolvedReason":null,"CumulativeInstanceCount":0,"ParentId":0,"UifType":0,"TenantId":"","ActivityTimestamp":"\/Date(1502517043000+0000)\/","ActivityType":0,"FeedbackTalkBackFixedInVersion":"","FeedbackTalkBackVersionType":0,"CollectionHasMyUpvoteOrPrimary":false,"TentId":0},{"BuildString":null,"ContextId":"104","ContextVersion":null,"CountInstances":1,"EnvironmentName":null,"FeedbackId":"494f4745-44de-48f8-b612-39b7a3b631eb","FeedbackInstanceId":"00000000-0000-0000-0000-000000000000","FeedbackLanguage":null,"Flags":0,"IsAbuseReport":false,"Text":"Settings vs Control Panel","TimeFirstReported":"\/Date(1502517036000+0000)\/","TotalUpvotes":1,"UserId":"10033FFF96BF14B3","ScreenshotCount":0,"DeviceId":null,"Metadata":null,"PreferredLanguage":null,"UILanguage":null,"IsMobile":false,"IsMeToo":false,"FeedbackTalkBackBuildStatus":0,"FeedbackTalkBackStatus":0,"FeedbackTalkBackStatusLink":"","DeviceFormFactor":1,"FeedbackTalkBackBuildNumber":0,"ExecutableName":null,"FeedbackType":0,"IsOfflineSubmission":false,"PrimaryFeedbackTitle":null,"IsExternal":false,"MaxBuild":16251,"MinBuild":16251,"TimeLastUpdated":"\/Date(1502517036000+0000)\/","RingName":null,"IsNonInsider":false,"UploadFileCount":0,"HasBeenUpvotedByUser":false,"IsArchived":false,"CabEscalationStatus":0,"IsVsoCandidate":false,"AppId":null,"AppName":"","AppVersion":null,"BuildBranch":null,"BuildRevision":null,"DefaultScenarioCount":0,"DefaultScenarioFilterId":null,"DiagnosticsScenarioCount":0,"DiagnosticsScenarioFilterIds":null,"ReproScenarioCount":0,"ReproScenarioFilterId":null,"CorrelationVector":null,"TrackingItemId":null,"TrackingItemLink":null,"TrackingItemStatus":null,"TrackingItemType":0,"TrackingItemTypeName":null,"Description":"Still cannot see the use of having settings and then trying to hide away control panel. Most useful settings are within the control panel especially for networking and the settings area is just information. I would suggest either moving the ability to change networking fully into the settings panel or remove networking from settings and provide links to control panel settings. TBH for a network and IT administrator it feels more like going the Apple root of locking down everything rather than settings actually being useful.","HasStickyPost":false,"SubCommentCount":0,"SafeCId":null,"AppFlightId":null,"TrackingItemResolvedReason":null,"CumulativeInstanceCount":0,"ParentId":0,"UifType":0,"TenantId":"19fd9c36-9aef-4b92-9c00-a158cffe2cf6","ActivityTimestamp":"\/Date(1502517036000+0000)\/","ActivityType":0,"FeedbackTalkBackFixedInVersion":"","FeedbackTalkBackVersionType":0,"CollectionHasMyUpvoteOrPrimary":false,"TentId":0},{"BuildString":null,"ContextId":"336","ContextVersion":null,"CountInstances":1,"EnvironmentName":null,"FeedbackId":"4124ecd3-1b6b-4492-92ab-a5f7836b4469","FeedbackInstanceId":"00000000-0000-0000-0000-000000000000","FeedbackLanguage":null,"Flags":2,"IsAbuseReport":false,"Text":"Activation context generation failed ","TimeFirstReported":"\/Date(1502517013000+0000)\/","TotalUpvotes":1,"UserId":"00030000865E19DF","ScreenshotCount":0,"DeviceId":null,"Metadata":null,"PreferredLanguage":null,"UILanguage":null,"IsMobile":false,"IsMeToo":false,"FeedbackTalkBackBuildStatus":0,"FeedbackTalkBackStatus":0,"FeedbackTalkBackStatusLink":"","DeviceFormFactor":1,"FeedbackTalkBackBuildNumber":0,"ExecutableName":null,"FeedbackType":0,"IsOfflineSubmission":false,"PrimaryFeedbackTitle":null,"IsExternal":false,"MaxBuild":15063,"MinBuild":15063,"TimeLastUpdated":"\/Date(1502517013000+0000)\/","RingName":null,"IsNonInsider":false,"UploadFileCount":0,"HasBeenUpvotedByUser":false,"IsArchived":false,"CabEscalationStatus":0,"IsVsoCandidate":false,"AppId":null,"AppName":"","AppVersion":null,"BuildBranch":null,"BuildRevision":null,"DefaultScenarioCount":0,"DefaultScenarioFilterId":null,"DiagnosticsScenarioCount":0,"DiagnosticsScenarioFilterIds":null,"ReproScenarioCount":0,"ReproScenarioFilterId":null,"CorrelationVector":null,"TrackingItemId":null,"TrackingItemLink":null,"TrackingItemStatus":null,"TrackingItemType":0,"TrackingItemTypeName":null,"Description":"- &lt;Event xmlns=&quot;http:\/\/schemas.microsoft.com\/win\/2004\/08\/events\/event&quot;&gt;\u000d- &lt;System&gt;\u000d  &lt;Provider Name=&quot;SideBySide&quot; \/&gt; \u000d  &lt;EventID Qualifiers=&quot;49409&quot;&gt;78&lt;\/EventID&gt; \u000d  &lt;Level&gt;2&lt;\/Level&gt; \u000d  &lt;Task&gt;0&lt;\/Task&gt; \u000d  &lt;Keywords&gt;0x80000000000000&lt;\/Keywords&gt; \u000d  &lt;TimeCreated SystemTime=&quot;2017-08-12T05:13:58.967131500Z&quot; \/&gt; \u000d  &lt;EventRecordID&gt;197858&lt;\/EventRecordID&gt; \u000d  &lt;Channel&gt;Application&lt;\/Channel&gt; \u000d  &lt;Computer&gt;DEFINEXL&lt;\/Computer&gt; \u000d  &lt;Security \/&gt; \u000d  &lt;\/System&gt;\u000d- &lt;EventData&gt;\u000d  &lt;Data&gt;C:\\Windows\\WinSxS\\manifests\\amd64_microsoft.windows.common-controls_6595b64144ccf1df_6.0.15063.483_none_26002d27e7c744a2.manifest&lt;\/Data&gt; \u000d  &lt;Data&gt;C:\\Windows\\WinSxS\\manifests\\x86_microsoft.windows.common-controls_6595b64144ccf1df_6.0.15063.483_none_6dad63fefc436da8.manifest&lt;\/Data&gt; \u000d  &lt;Data \/&gt; \u000d  &lt;Data \/&gt; \u000d  &lt;Data \/&gt; \u000d  &lt;Data \/&gt; \u000d  &lt;Data \/&gt; \u000d  &lt;Data \/&gt; \u000d  &lt;Data \/&gt; \u000d  &lt;Data \/&gt; \u000d  &lt;Data&gt;C:\\Program Files (x86)\\Audacity\\audacity.exe&lt;\/Data&gt; \u000d  &lt;Data \/&gt; \u000d  &lt;Data \/&gt; \u000d  &lt;Data \/&gt; \u000d  &lt;Data \/&gt; \u000d  &lt;Data \/&gt; \u000d  &lt;Data \/&gt; \u000d  &lt;Data \/&gt; \u000d  &lt;Data \/&gt; \u000d  &lt;D","HasStickyPost":false,"SubCommentCount":0,"SafeCId":null,"AppFlightId":null,"TrackingItemResolvedReason":null,"CumulativeInstanceCount":0,"ParentId":0,"UifType":0,"TenantId":"","ActivityTimestamp":"\/Date(1502517013000+0000)\/","ActivityType":0,"FeedbackTalkBackFixedInVersion":"","FeedbackTalkBackVersionType":0,"CollectionHasMyUpvoteOrPrimary":false,"TentId":0},{"BuildString":null,"ContextId":"336","ContextVersion":null,"CountInstances":1,"EnvironmentName":null,"FeedbackId":"898e4e33-7aba-402f-89aa-1ec44c1e8899","FeedbackInstanceId":"00000000-0000-0000-0000-000000000000","FeedbackLanguage":null,"Flags":2,"IsAbuseReport":false,"Text":"Keep getting Event ID 360 even tho the hardware is not hello compatible","TimeFirstReported":"\/Date(1502516964000+0000)\/","TotalUpvotes":1,"UserId":"00030000865E19DF","ScreenshotCount":0,"DeviceId":null,"Metadata":null,"PreferredLanguage":null,"UILanguage":null,"IsMobile":false,"IsMeToo":false,"FeedbackTalkBackBuildStatus":0,"FeedbackTalkBackStatus":0,"FeedbackTalkBackStatusLink":"","DeviceFormFactor":1,"FeedbackTalkBackBuildNumber":0,"ExecutableName":null,"FeedbackType":0,"IsOfflineSubmission":false,"PrimaryFeedbackTitle":null,"IsExternal":false,"MaxBuild":15063,"MinBuild":15063,"TimeLastUpdated":"\/Date(1502516964000+0000)\/","RingName":null,"IsNonInsider":false,"UploadFileCount":0,"HasBeenUpvotedByUser":false,"IsArchived":false,"CabEscalationStatus":0,"IsVsoCandidate":false,"AppId":null,"AppName":"","AppVersion":null,"BuildBranch":null,"BuildRevision":null,"DefaultScenarioCount":0,"DefaultScenarioFilterId":null,"DiagnosticsScenarioCount":0,"DiagnosticsScenarioFilterIds":null,"ReproScenarioCount":0,"ReproScenarioFilterId":null,"CorrelationVector":null,"TrackingItemId":null,"TrackingItemLink":null,"TrackingItemStatus":null,"TrackingItemType":0,"TrackingItemTypeName":null,"Description":"- &lt;Event xmlns=&quot;http:\/\/schemas.microsoft.com\/win\/2004\/08\/events\/event&quot;&gt;\u000d- &lt;System&gt;\u000d  &lt;Provider Name=&quot;Microsoft-Windows-User Device Registration&quot; Guid=&quot;{23B8D46B-67DD-40A3-B636-D43E50552C6D}&quot; \/&gt; \u000d  &lt;EventID&gt;360&lt;\/EventID&gt; \u000d  &lt;Version&gt;0&lt;\/Version&gt; \u000d  &lt;Level&gt;3&lt;\/Level&gt; \u000d  &lt;Task&gt;0&lt;\/Task&gt; \u000d  &lt;Opcode&gt;0&lt;\/Opcode&gt; \u000d  &lt;Keywords&gt;0x8000000000000000&lt;\/Keywords&gt; \u000d  &lt;TimeCreated SystemTime=&quot;2017-08-12T05:13:54.287643900Z&quot; \/&gt; \u000d  &lt;EventRecordID&gt;324&lt;\/EventRecordID&gt; \u000d  &lt;Correlation \/&gt; \u000d  &lt;Execution ProcessID=&quot;6904&quot; ThreadID=&quot;6940&quot; \/&gt; \u000d  &lt;Channel&gt;Microsoft-Windows-User Device Registration\/Admin&lt;\/Channel&gt; \u000d  &lt;Computer&gt;DEFINEXL&lt;\/Computer&gt; \u000d  &lt;Security UserID=&quot;S-1-5-21-2085812014-1404336986-1642004677-1003&quot; \/&gt; \u000d  &lt;\/System&gt;\u000d- &lt;EventData&gt;\u000d  &lt;Data Name=&quot;Message&quot;&gt;Windows Hello for Business provisioning will not be launched.&lt;\/Data&gt; \u000d  &lt;Data Name=&quot;DeviceIsJoined&quot;&gt;Not Tested&lt;\/Data&gt; \u000d  &lt;Data Name=&quot;AADPrt&quot;&gt;No&lt;\/Data&gt; \u000d  &lt;Data Name=&quot;NgcPolicyEnabled&quot;&gt;Not Tested&lt;\/Data&gt; \u000d  &lt;Data Name=&quot;NgcHardwarePolicyMet&quot;&gt;Not Tested&lt;\/Data&gt; ","HasStickyPost":false,"SubCommentCount":0,"SafeCId":null,"AppFlightId":null,"TrackingItemResolvedReason":null,"CumulativeInstanceCount":0,"ParentId":0,"UifType":0,"TenantId":"","ActivityTimestamp":"\/Date(1502516964000+0000)\/","ActivityType":0,"FeedbackTalkBackFixedInVersion":"","FeedbackTalkBackVersionType":0,"CollectionHasMyUpvoteOrPrimary":false,"TentId":0},{"BuildString":null,"ContextId":"158","ContextVersion":null,"CountInstances":1,"EnvironmentName":null,"FeedbackId":"fdbb2983-f1b4-44f5-a304-60a726be8342","FeedbackInstanceId":"00000000-0000-0000-0000-000000000000","FeedbackLanguage":null,"Flags":2,"IsAbuseReport":false,"Text":"System settings are not preserved with OS update","TimeFirstReported":"\/Date(1502516939000+0000)\/","TotalUpvotes":1,"UserId":"00060000BFEFD286","ScreenshotCount":0,"DeviceId":null,"Metadata":null,"PreferredLanguage":null,"UILanguage":null,"IsMobile":false,"IsMeToo":false,"FeedbackTalkBackBuildStatus":0,"FeedbackTalkBackStatus":0,"FeedbackTalkBackStatusLink":"","DeviceFormFactor":1,"FeedbackTalkBackBuildNumber":0,"ExecutableName":null,"FeedbackType":0,"IsOfflineSubmission":false,"PrimaryFeedbackTitle":null,"IsExternal":false,"MaxBuild":15063,"MinBuild":15063,"TimeLastUpdated":"\/Date(1502516939000+0000)\/","RingName":null,"IsNonInsider":false,"UploadFileCount":0,"HasBeenUpvotedByUser":false,"IsArchived":false,"CabEscalationStatus":0,"IsVsoCandidate":false,"AppId":null,"AppName":"","AppVersion":null,"BuildBranch":null,"BuildRevision":null,"DefaultScenarioCount":0,"DefaultScenarioFilterId":null,"DiagnosticsScenarioCount":0,"DiagnosticsScenarioFilterIds":null,"ReproScenarioCount":0,"ReproScenarioFilterId":null,"CorrelationVector":null,"TrackingItemId":null,"TrackingItemLink":null,"TrackingItemStatus":null,"TrackingItemType":0,"TrackingItemTypeName":null,"Description":"This time, my sound enhancement settings were not preserved. I believe the problem has occurred previously with other settings as well.","HasStickyPost":false,"SubCommentCount":0,"SafeCId":null,"AppFlightId":null,"TrackingItemResolvedReason":null,"CumulativeInstanceCount":0,"ParentId":0,"UifType":0,"TenantId":"","ActivityTimestamp":"\/Date(1502516939000+0000)\/","ActivityType":0,"FeedbackTalkBackFixedInVersion":"","FeedbackTalkBackVersionType":0,"CollectionHasMyUpvoteOrPrimary":false,"TentId":0},{"BuildString":null,"ContextId":"685","ContextVersion":null,"CountInstances":1,"EnvironmentName":null,"FeedbackId":"8566e335-a69c-4f5b-878a-6c9e011b6352","FeedbackInstanceId":"00000000-0000-0000-0000-000000000000","FeedbackLanguage":null,"Flags":2,"IsAbuseReport":false,"Text":"New user account","TimeFirstReported":"\/Date(1502516421000+0000)\/","TotalUpvotes":1,"UserId":"00037FFED47A022A","ScreenshotCount":0,"DeviceId":null,"Metadata":null,"PreferredLanguage":null,"UILanguage":null,"IsMobile":false,"IsMeToo":false,"FeedbackTalkBackBuildStatus":0,"FeedbackTalkBackStatus":0,"FeedbackTalkBackStatusLink":"","DeviceFormFactor":1,"FeedbackTalkBackBuildNumber":0,"ExecutableName":null,"FeedbackType":0,"IsOfflineSubmission":false,"PrimaryFeedbackTitle":null,"IsExternal":false,"MaxBuild":15063,"MinBuild":15063,"TimeLastUpdated":"\/Date(1502516421000+0000)\/","RingName":null,"IsNonInsider":false,"UploadFileCount":0,"HasBeenUpvotedByUser":false,"IsArchived":false,"CabEscalationStatus":0,"IsVsoCandidate":false,"AppId":null,"AppName":"","AppVersion":null,"BuildBranch":null,"BuildRevision":null,"DefaultScenarioCount":0,"DefaultScenarioFilterId":null,"DiagnosticsScenarioCount":0,"DiagnosticsScenarioFilterIds":null,"ReproScenarioCount":0,"ReproScenarioFilterId":null,"CorrelationVector":null,"TrackingItemId":null,"TrackingItemLink":null,"TrackingItemStatus":null,"TrackingItemType":0,"TrackingItemTypeName":null,"Description":"When new user account is created nor start menu nor panel nor any other UI element doesn&#39;t work! This is absolutely frustrating and unacceptable to spend hours on creating new user accounts without any result.\u000dI tried it for 3 times and result absolutely the same.","HasStickyPost":false,"SubCommentCount":0,"SafeCId":null,"AppFlightId":null,"TrackingItemResolvedReason":null,"CumulativeInstanceCount":0,"ParentId":0,"UifType":0,"TenantId":"","ActivityTimestamp":"\/Date(1502516421000+0000)\/","ActivityType":0,"FeedbackTalkBackFixedInVersion":"","FeedbackTalkBackVersionType":0,"CollectionHasMyUpvoteOrPrimary":false,"TentId":0},{"BuildString":null,"ContextId":"315","ContextVersion":null,"CountInstances":1,"EnvironmentName":null,"FeedbackId":"08c2c92c-bdd9-4951-88a0-3ce418603d88","FeedbackInstanceId":"00000000-0000-0000-0000-000000000000","FeedbackLanguage":null,"Flags":0,"IsAbuseReport":false,"Text":"In the action center there is progress bar for new app but not for apps getting updated","TimeFirstReported":"\/Date(1502515970000+0000)\/","TotalUpvotes":1,"UserId":"00064000E7BB8B9C","ScreenshotCount":0,"DeviceId":null,"Metadata":null,"PreferredLanguage":null,"UILanguage":null,"IsMobile":false,"IsMeToo":false,"FeedbackTalkBackBuildStatus":0,"FeedbackTalkBackStatus":0,"FeedbackTalkBackStatusLink":"","DeviceFormFactor":1,"FeedbackTalkBackBuildNumber":0,"ExecutableName":null,"FeedbackType":0,"IsOfflineSubmission":false,"PrimaryFeedbackTitle":null,"IsExternal":false,"MaxBuild":16251,"MinBuild":16251,"TimeLastUpdated":"\/Date(1502515970000+0000)\/","RingName":null,"IsNonInsider":false,"UploadFileCount":0,"HasBeenUpvotedByUser":false,"IsArchived":false,"CabEscalationStatus":0,"IsVsoCandidate":false,"AppId":null,"AppName":"Store","AppVersion":null,"BuildBranch":null,"BuildRevision":null,"DefaultScenarioCount":0,"DefaultScenarioFilterId":null,"DiagnosticsScenarioCount":0,"DiagnosticsScenarioFilterIds":null,"ReproScenarioCount":0,"ReproScenarioFilterId":null,"CorrelationVector":null,"TrackingItemId":null,"TrackingItemLink":null,"TrackingItemStatus":null,"TrackingItemType":0,"TrackingItemTypeName":null,"Description":"","HasStickyPost":false,"SubCommentCount":0,"SafeCId":null,"AppFlightId":null,"TrackingItemResolvedReason":null,"CumulativeInstanceCount":0,"ParentId":0,"UifType":0,"TenantId":"","ActivityTimestamp":"\/Date(1502515970000+0000)\/","ActivityType":0,"FeedbackTalkBackFixedInVersion":"","FeedbackTalkBackVersionType":0,"CollectionHasMyUpvoteOrPrimary":false,"TentId":0}]
