&lt;EventRecordID&gt;12871&lt;\/EventRecordID&gt; \u000d  &lt;Correlation \/&gt; \u000d  &lt;Execution ProcessID=&quot;880&quot; ThreadID=&quot;1272&quot; \/&gt; \u000d  &lt;Channel&gt;System&lt;\/Channel&gt; \u000d  &lt;Computer&gt;DEFINEXL&lt;\/Computer&gt; \u000d  &lt;Security UserID=&quot;S-1-5-21-2085812014-1404336986-1642004677-1003&quot; \/&gt; \u000d  &lt;\/System&gt;\u000d- &lt;EventData&gt;\u000d  &lt;Data Name=&quot;param1&quot;&gt;1084&lt;\/Data&gt; \u000d  &lt;Data Name=&quot;param2&quot;&gt;WSearch&lt;\/Data&gt; \u000d  &lt;Data Name=&quot;param3&quot;&gt;Unavailable&lt;\/Data&gt; \u000d  &lt;Data Name=&quot;param4&quot;&gt;{B52D54BB-4818-4EB9-AA80-F9EACD371DF8}&lt;\/Data&gt; \u000d  &lt;\/EventData&gt;\u000d  &lt;\/Event&gt;","HasStickyPost":false,"SubCommentCount":0,"SafeCId":null,"AppFlightId":null,"TrackingItemResolvedReason":null,"CumulativeInstanceCount":0,"ParentId":0,"UifType":0,"TenantId":"","ActivityTimestamp":"\/Date(1502517605000+0000)\/","ActivityType":0,"FeedbackTalkBackFixedInVersion":"","FeedbackTalkBackVersionType":0,"CollectionHasMyUpvoteOrPrimary":false,"TentId":0},{"BuildString":null,"ContextId":"336","ContextVersion":null,"CountInstances":1,"EnvironmentName":null,"FeedbackId":"cd03fc0b-af94-4705-a925-ca1c0e61d6ce","FeedbackInstanceId":"00000000-0000-0000-0000-000000000000","FeedbackLanguage":null,"Flags":2,"IsAbuseReport":false,"Text":"Activation context generation failed for &quot;C:\\Program Files (x86)\\Audacity\\audacity.exe&quot;.Error in manifest or policy file &quot;&quot; on line . A component vers","TimeFirstReported":"\/Date(1502517576000+0000)\/","TotalUpvotes":1,"UserId":"00030000865E19DF","ScreenshotCount":0,"DeviceId":null,"Metadata":null,"PreferredLanguage":null,"UILanguage":null,"IsMobile":false,"IsMeToo":false,"FeedbackTalkBackBuildStatus":0,"FeedbackTalkBackStatus":0,"FeedbackTalkBackStatusLink":"","DeviceFormFactor":1,"FeedbackTalkBackBuildNumber":0,"ExecutableName":null,"FeedbackType":0,"IsOfflineSubmission":false,"PrimaryFeedbackTitle":null,"IsExternal":false,"MaxBuild":15063,"MinBuild":15063,"TimeLastUpdated":"\/Date(1502517576000+0000)\/","RingName":null,"IsNonInsider":false,"UploadFileCount":0,"HasBeenUpvotedByUser":false,"IsArchived":false,"CabEscalationStatus":0,"IsVsoCandidate":false,"AppId":null,"AppName":"","AppVersion":null,"BuildBranch":null,"BuildRevision":null,"DefaultScenarioCount":0,"DefaultScenarioFilterId":null,"DiagnosticsScenarioCount":0,"DiagnosticsScenarioFilterIds":null,"ReproScenarioCount":0,"ReproScenarioFilterId":null,"CorrelationVector":null,"TrackingItemId":null,"TrackingItemLink":null,"TrackingItemStatus":null,"TrackingItemType":0,"TrackingItemTypeName":null,"Description":"ion required by the application conflicts with another component version already active. Conflicting components are:. Component 1: C:\\Windows\\WinSxS\\manifests\\amd64_microsoft.windows.common-controls_6595b64144ccf1df_6.0.15063.483_none_26002d27e7c744a2.manifest. Component 2: C:\\Windows\\WinSxS\\manifests\\x86_microsoft.windows.common-controls_6595b64144ccf1df_6.0.15063.483_none_6dad63fefc436da8.manifest.\u000d\u000d- &lt;Event xmlns=&quot;http:\/\/schemas.microsoft.com\/win\/2004\/08\/events\/event&quot;&gt;\u000d- &lt;System&gt;\u000d  &lt;Provider Name=&quot;SideBySide&quot; \/&gt; \u000d  &lt;EventID Qualifiers=&quot;49409&quot;&gt;78&lt;\/EventID&gt; \u000d  &lt;Level&gt;2&lt;\/Level&gt; \u000d  &lt;Task&gt;0&lt;\/Task&gt; \u000d  &lt;Keywords&gt;0x80000000000000&lt;\/Keywords&gt; \u000d  &lt;TimeCreated SystemTime=&quot;2017-08-11T15:18:09.037433900Z&quot; \/&gt; \u000d  &lt;EventRecordID&gt;197817&lt;\/EventRecordID&gt; \u000d  &lt;Channel&gt;Application&lt;\/Channel&gt; \u000d  &lt;Computer&gt;DEFINEXL&lt;\/Computer&gt; \u000d  &lt;Security \/&gt; \u000d  &lt;\/System&gt;\u000d- &lt;EventData&gt;\u000d  &lt;Data&gt;C:\\Windows\\WinSxS\\manifests\\amd64_microsoft.windows.common-controls_6595b64144ccf1df_6.0.15063.483_none_26002d27e7c744a2.manifest&lt;\/Dat","HasStickyPost":false,"SubCommentCount":0,"SafeCId":null,"AppFlightId":null,"TrackingItemResolvedReason":null,"CumulativeInstanceCount":0,"ParentId":0,"UifType":0,"TenantId":"","ActivityTimestamp":"\/Date(1502517576000+0000)\/","ActivityType":0,"FeedbackTalkBackFixedInVersion":"","FeedbackTalkBackVersionType":0,"CollectionHasMyUpvoteOrPrimary":false,"TentId":0},{"BuildString":null,"ContextId":"336","ContextVersion":null,"CountInstances":1,"EnvironmentName":null,"FeedbackId":"4920db37-6ad4-4197-841a-008038506000","FeedbackInstanceId":"00000000-0000-0000-0000-000000000000","FeedbackLanguage":null,"Flags":2,"IsAbuseReport":false,"Text":"DCOM got error &quot;1084&quot; attempting to start the service netprofm with arguments &quot;Unavailable&quot; in order to run the server:","TimeFirstReported":"\/Date(1502517542000+0000)\/","TotalUpvotes":1,"UserId":"00030000865E19DF","ScreenshotCount":0,"DeviceId":null,"Metadata":null,"PreferredLanguage":null,"UILanguage":null,"IsMobile":false,"IsMeToo":false,"FeedbackTalkBackBuildStatus":0,"FeedbackTalkBackStatus":0,"FeedbackTalkBackStatusLink":"","DeviceFormFactor":1,"FeedbackTalkBackBuildNumber":0,"ExecutableName":null,"FeedbackType":0,"IsOfflineSubmission":false,"PrimaryFeedbackTitle":null,"IsExternal":false,"MaxBuild":15063,"MinBuild":15063,"TimeLastUpdated":"\/Date(1502517542000+0000)\/","RingName":null,"IsNonInsider":false,"UploadFileCount":0,"HasBeenUpvotedByUser":false,"IsArchived":false,"CabEscalationStatus":0,"IsVsoCandidate":false,"AppId":null,"AppName":"","AppVersion":null,"BuildBranch":null,"BuildRevision":null,"DefaultScenarioCount":0,"DefaultScenarioFilterId":null,"DiagnosticsScenarioCount":0,"DiagnosticsScenarioFilterIds":null,"ReproScenarioCount":0,"ReproScenarioFilterId":null,"CorrelationVector":null,"TrackingItemId":null,"TrackingItemLink":null,"TrackingItemStatus":null,"TrackingItemType":0,"TrackingItemTypeName":null,"Description":"this winblows 10 got over 3000 errors like this\u000d- &lt;Event xmlns=&quot;http:\/\/schemas.microsoft.com\/win\/2004\/08\/events\/event&quot;&gt;\u000d- &lt;System&gt;\u000d  &lt;Provider Name=&quot;Microsoft-Windows-DistributedCOM&quot; Guid=&quot;{1B562E86-B7AA-4131-BADC-B6F3A001407E}&quot; EventSourceName=&quot;DCOM&quot; \/&gt; \u000d  &lt;EventID Qualifiers=&quot;0&quot;&gt;10005&lt;\/EventID&gt; \u000d  &lt;Version&gt;0&lt;\/Version&gt; \u000d  &lt;Level&gt;2&lt;\/Level&gt; \u000d  &lt;Task&gt;0&lt;\/Task&gt; \u000d  &lt;Opcode&gt;0&lt;\/Opcode&gt; \u000d  &lt;Keywords&gt;0x8080000000000000&lt;\/Keywords&gt; \u000d  &lt;TimeCreated SystemTime=&quot;2017-08-11T15:19:03.340249000Z&quot; \/&gt; \u000d  &lt;EventRecordID&gt;12883&lt;\/EventRecordID&gt; \u000d  &lt;Correlation \/&gt; \u000d  &lt;Execution ProcessID=&quot;880&quot; ThreadID=&quot;1272&quot; \/&gt; \u000d  &lt;Channel&gt;System&lt;\/Channel&gt; \u000d  &lt;Computer&gt;DEFINEXL&lt;\/Computer&gt; \u000d  &lt;Security UserID=&quot;S-1-5-21-2085812014-1404336986-1642004677-1003&quot; \/&gt; \u000d  &lt;\/System&gt;\u000d- &lt;EventData&gt;\u000d  &lt;Data Name=&quot;param1&quot;&gt;1084&lt;\/Data&gt; \u000d  &lt;Data Name=&quot;param2&quot;&gt;netprofm&lt;\/Data&gt; \u000d  &lt;Data Name=&quot;param3&quot;&gt;Unavailable&lt;\/Data&gt; \u000d  &lt;Data Name=&quot;param4&quot;&gt;{A47979D2-C419-11D9-A5B4-001185AD2B89}&lt;\/Data&gt; \u000d  &lt;\/EventData&gt;\u000d  &lt;\/Event&gt;","HasStickyPost":false,"SubCommentCount":0,"SafeCId":null,"AppFlightId":null,"TrackingItemResolvedReason":null,"CumulativeInstanceCount":0,"ParentId":0,"UifType":0,"TenantId":"","ActivityTimestamp":"\/Date(1502517542000+0000)\/","ActivityType":0,"FeedbackTalkBackFixedInVersion":"","FeedbackTalkBackVersionType":0,"CollectionHasMyUpvoteOrPrimary":false,"TentId":0}]
